<?xml version="1.0" encoding="UTF-8"?>
<!-- Generated by org.testng.reporters.JUnitReportReporter -->
<testsuite hostname="Neeta-Toronto" failures="0" tests="1" name="testLayer.HttpRequests" time="1.802" errors="0" timestamp="2023-12-14T13:07:52 EST" skipped="0">
  <testcase classname="testLayer.HttpRequests" name="GETusers2" time="1.802"/>
  <system-out/>
</testsuite> <!-- testLayer.HttpRequests -->
